c:\users\ethorbit.desktop-vgmlub4\source\repos\arkbackup\release\arkbackup.ipdb
c:\users\ethorbit.desktop-vgmlub4\source\repos\arkbackup\release\arkbackup.iobj
c:\users\ethorbit.desktop-vgmlub4\source\repos\arkbackup\release\vc142.pdb
c:\users\ethorbit.desktop-vgmlub4\source\repos\arkbackup\release\arkpath.obj
c:\users\ethorbit.desktop-vgmlub4\source\repos\arkbackup\release\arkbackup.obj
c:\users\ethorbit.desktop-vgmlub4\source\repos\arkbackup\release\backup.obj
c:\users\ethorbit.desktop-vgmlub4\source\repos\arkbackup\release\arkbackup.exe
c:\users\ethorbit.desktop-vgmlub4\source\repos\arkbackup\release\arkbackup.pdb
c:\users\ethorbit.desktop-vgmlub4\source\repos\arkbackup\release\resource.res
c:\users\ethorbit.desktop-vgmlub4\source\repos\arkbackup\release\arkbackup.tlog\arkbackup.write.1u.tlog
c:\users\ethorbit.desktop-vgmlub4\source\repos\arkbackup\release\arkbackup.tlog\cl.command.1.tlog
c:\users\ethorbit.desktop-vgmlub4\source\repos\arkbackup\release\arkbackup.tlog\cl.read.1.tlog
c:\users\ethorbit.desktop-vgmlub4\source\repos\arkbackup\release\arkbackup.tlog\cl.write.1.tlog
c:\users\ethorbit.desktop-vgmlub4\source\repos\arkbackup\release\arkbackup.tlog\link.command.1.tlog
c:\users\ethorbit.desktop-vgmlub4\source\repos\arkbackup\release\arkbackup.tlog\link.delete.1.tlog
c:\users\ethorbit.desktop-vgmlub4\source\repos\arkbackup\release\arkbackup.tlog\link.read.1.tlog
c:\users\ethorbit.desktop-vgmlub4\source\repos\arkbackup\release\arkbackup.tlog\link.write.1.tlog
c:\users\ethorbit.desktop-vgmlub4\source\repos\arkbackup\release\arkbackup.tlog\rc.command.1.tlog
c:\users\ethorbit.desktop-vgmlub4\source\repos\arkbackup\release\arkbackup.tlog\rc.read.1.tlog
c:\users\ethorbit.desktop-vgmlub4\source\repos\arkbackup\release\arkbackup.tlog\rc.write.1.tlog
